<?xml version="1.0" encoding="UTF-8"?>
<testsuite xmlns:xsi="http://www.w3.org/2001/XMLSchema-instance" xsi:noNamespaceSchemaLocation="https://maven.apache.org/surefire/maven-surefire-plugin/xsd/surefire-test-report.xsd" name="org.apache.nifi.processors.fhir.MyProcessorTest" time="6.722" tests="9" errors="0" skipped="0" failures="0">
  <properties>
[...]
</properties>
  <testcase name="testSummaryMode" classname="org.apache.nifi.processors.fhir.MyProcessorTest" time="3.791"/>
  <testcase name="testStandardValidate" classname="org.apache.nifi.processors.fhir.MyProcessorTest" time="0.695"/>
  <testcase name="testSuppressNarratives" classname="org.apache.nifi.processors.fhir.MyProcessorTest" time="0.457"/>
  <testcase name="testStripVersions" classname="org.apache.nifi.processors.fhir.MyProcessorTest" time="0.361"/>
  <testcase name="testServerURL" classname="org.apache.nifi.processors.fhir.MyProcessorTest" time="0.485"/>
  <testcase name="testPrettyPrint" classname="org.apache.nifi.processors.fhir.MyProcessorTest" time="0.296"/>
  <testcase name="testInvalidPatientResource" classname="org.apache.nifi.processors.fhir.MyProcessorTest" time="0.008"/>
  <testcase name="testValidPatientResource" classname="org.apache.nifi.processors.fhir.MyProcessorTest" time="0.254"/>
  <testcase name="testOmitId" classname="org.apache.nifi.processors.fhir.MyProcessorTest" time="0.288"/>
</testsuite>